2025-07-18T08:38:15: [ERROR] Job 59343445-9c2f-4b08-aeb8-6dacd144a601 failed: Error: spawn C:\Program Files\Python311\python.exe ENOENT
    at processJob (C:\Users\tmbor\Countypuller\chatbot\cc-frontend\scripts\job-worker.js:426:15)
    at process.processTicksAndRejections (node:internal/process/task_queues:105:5)
    at async Timeout.pollForJobs [as _onTimeout] (C:\Users\tmbor\Countypuller\chatbot\cc-frontend\scripts\job-worker.js:466:9)
2025-07-18T08:40:15: [ERROR] Job 7b983f02-0b28-43f4-b083-c1d868156554 failed: Error: spawn C:\Program Files\Python311\python.exe ENOENT
    at processJob (C:\Users\tmbor\Countypuller\chatbot\cc-frontend\scripts\job-worker.js:426:15)
    at process.processTicksAndRejections (node:internal/process/task_queues:105:5)
    at async Timeout.pollForJobs [as _onTimeout] (C:\Users\tmbor\Countypuller\chatbot\cc-frontend\scripts\job-worker.js:466:9)
2025-07-18T08:43:16: [ERROR] Job ac2cb25e-5cbf-46ef-8229-f12eff34e54b failed: Error: spawn C:\Program Files\Python311\python.exe ENOENT
    at processJob (C:\Users\tmbor\Countypuller\chatbot\cc-frontend\scripts\job-worker.js:426:15)
    at process.processTicksAndRejections (node:internal/process/task_queues:105:5)
    at async Timeout.pollForJobs [as _onTimeout] (C:\Users\tmbor\Countypuller\chatbot\cc-frontend\scripts\job-worker.js:466:9)
2025-07-18T08:54:18: [ERROR] Job d124e837-03e0-4140-b1f5-50813f757575 failed: Error: spawn C:\Program Files\Python311\python.exe ENOENT
    at processJob (C:\Users\tmbor\Countypuller\chatbot\cc-frontend\scripts\job-worker.js:426:15)
    at process.processTicksAndRejections (node:internal/process/task_queues:105:5)
    at async Timeout.pollForJobs [as _onTimeout] (C:\Users\tmbor\Countypuller\chatbot\cc-frontend\scripts\job-worker.js:466:9)
2025-07-18T09:00:45: [ERROR] Job bf439f73-e0a5-42ba-a23c-b827aa87b11f failed: Error: spawn C:\Program Files\Python311\python.exe ENOENT
    at processJob (C:\Users\tmbor\Countypuller\chatbot\cc-frontend\scripts\job-worker.js:426:15)
    at process.processTicksAndRejections (node:internal/process/task_queues:105:5)
    at async Timeout.pollForJobs [as _onTimeout] (C:\Users\tmbor\Countypuller\chatbot\cc-frontend\scripts\job-worker.js:466:9)
2025-07-18T09:08:46: [ERROR] Job f2dd357e-1055-4a90-8b33-866d2671a324 failed: Error: spawn C:\Program Files\Python311\python.exe ENOENT
    at processJob (C:\Users\tmbor\Countypuller\chatbot\cc-frontend\scripts\job-worker.js:426:15)
    at process.processTicksAndRejections (node:internal/process/task_queues:105:5)
    at async Timeout.pollForJobs [as _onTimeout] (C:\Users\tmbor\Countypuller\chatbot\cc-frontend\scripts\job-worker.js:466:9)
2025-07-18T09:09:16: [ERROR] Job bd223fa9-2bd6-42c2-91cf-6a51ff8d6a0b failed: Error: spawn C:\Program Files\Python311\python.exe ENOENT
    at processJob (C:\Users\tmbor\Countypuller\chatbot\cc-frontend\scripts\job-worker.js:426:15)
    at process.processTicksAndRejections (node:internal/process/task_queues:105:5)
    at async Timeout.pollForJobs [as _onTimeout] (C:\Users\tmbor\Countypuller\chatbot\cc-frontend\scripts\job-worker.js:466:9)
2025-07-18T09:09:46: [ERROR] Job d0337db1-2df3-4690-97dc-d344aed64eeb failed: Error: spawn C:\Program Files\Python311\python.exe ENOENT
    at processJob (C:\Users\tmbor\Countypuller\chatbot\cc-frontend\scripts\job-worker.js:426:15)
    at process.processTicksAndRejections (node:internal/process/task_queues:105:5)
    at async Timeout.pollForJobs [as _onTimeout] (C:\Users\tmbor\Countypuller\chatbot\cc-frontend\scripts\job-worker.js:466:9)
2025-07-18T09:10:16: [ERROR] Job 5ac6b89f-1ff2-4362-b22d-49e0cb46b2ef failed: Error: spawn C:\Program Files\Python311\python.exe ENOENT
    at processJob (C:\Users\tmbor\Countypuller\chatbot\cc-frontend\scripts\job-worker.js:426:15)
    at process.processTicksAndRejections (node:internal/process/task_queues:105:5)
    at async Timeout.pollForJobs [as _onTimeout] (C:\Users\tmbor\Countypuller\chatbot\cc-frontend\scripts\job-worker.js:466:9)
2025-07-18T09:15:16: [ERROR] Job cef80303-d068-455e-89cf-2533a80295af failed: Error: spawn C:\Program Files\Python311\python.exe ENOENT
    at processJob (C:\Users\tmbor\Countypuller\chatbot\cc-frontend\scripts\job-worker.js:426:15)
    at process.processTicksAndRejections (node:internal/process/task_queues:105:5)
    at async Timeout.pollForJobs [as _onTimeout] (C:\Users\tmbor\Countypuller\chatbot\cc-frontend\scripts\job-worker.js:466:9)
2025-07-18T09:16:18: [ERROR] Job 594929ea-e106-4690-b732-46159779e21e failed: Error: spawn C:\Program Files\Python311\python.exe ENOENT
    at processJob (C:\Users\tmbor\Countypuller\chatbot\cc-frontend\scripts\job-worker.js:426:15)
    at process.processTicksAndRejections (node:internal/process/task_queues:105:5)
    at async Timeout.pollForJobs [as _onTimeout] (C:\Users\tmbor\Countypuller\chatbot\cc-frontend\scripts\job-worker.js:466:9)
2025-07-18T09:20:17: [ERROR] Job 21167abb-38fa-4545-be8a-009e34a16e19 failed: Error: spawn C:\Program Files\Python311\python.exe ENOENT
    at processJob (C:\Users\tmbor\Countypuller\chatbot\cc-frontend\scripts\job-worker.js:426:15)
    at process.processTicksAndRejections (node:internal/process/task_queues:105:5)
    at async Timeout.pollForJobs [as _onTimeout] (C:\Users\tmbor\Countypuller\chatbot\cc-frontend\scripts\job-worker.js:466:9)
2025-07-18T09:26:16: [ERROR] Job 235524c8-37e6-47c6-b558-3371e9140b75 failed: Error: spawn C:\Program Files\Python311\python.exe ENOENT
    at processJob (C:\Users\tmbor\Countypuller\chatbot\cc-frontend\scripts\job-worker.js:426:15)
    at process.processTicksAndRejections (node:internal/process/task_queues:105:5)
    at async Timeout.pollForJobs [as _onTimeout] (C:\Users\tmbor\Countypuller\chatbot\cc-frontend\scripts\job-worker.js:466:9)
2025-07-18T10:52:18: [ERROR] Job a5a5bf8f-2698-4930-b42f-ca091c50e02f failed: Error: spawn C:\Program Files\Python311\python.exe ENOENT
    at processJob (C:\Users\tmbor\Countypuller\chatbot\cc-frontend\scripts\job-worker.js:426:15)
    at process.processTicksAndRejections (node:internal/process/task_queues:105:5)
    at async Timeout.pollForJobs [as _onTimeout] (C:\Users\tmbor\Countypuller\chatbot\cc-frontend\scripts\job-worker.js:466:9)
2025-07-18T11:01:49: [ERROR] Job 388a71c8-8900-40bf-854f-fcf0d5a4fb08 failed: Error: spawn C:\Program Files\Python311\python.exe ENOENT
    at processJob (C:\Users\tmbor\Countypuller\chatbot\cc-frontend\scripts\job-worker.js:426:15)
    at process.processTicksAndRejections (node:internal/process/task_queues:105:5)
    at async Timeout.pollForJobs [as _onTimeout] (C:\Users\tmbor\Countypuller\chatbot\cc-frontend\scripts\job-worker.js:466:9)
2025-07-18T11:02:49: [ERROR] Job c5f4b818-541e-411b-bcb2-2bb3b5649028 failed: Error: spawn C:\Program Files\Python311\python.exe ENOENT
    at processJob (C:\Users\tmbor\Countypuller\chatbot\cc-frontend\scripts\job-worker.js:426:15)
    at process.processTicksAndRejections (node:internal/process/task_queues:105:5)
    at async Timeout.pollForJobs [as _onTimeout] (C:\Users\tmbor\Countypuller\chatbot\cc-frontend\scripts\job-worker.js:466:9)
2025-07-18T11:08:06: [ERROR] Job 1618f0ff-57f5-45f3-ba0d-97226d0b08ca failed: Error: spawn C:\Program Files\Python311\python.exe ENOENT
    at processJob (C:\Users\tmbor\Countypuller\chatbot\cc-frontend\scripts\job-worker.js:427:15)
    at process.processTicksAndRejections (node:internal/process/task_queues:105:5)
    at async pollForJobs (C:\Users\tmbor\Countypuller\chatbot\cc-frontend\scripts\job-worker.js:467:9)
    at async main (C:\Users\tmbor\Countypuller\chatbot\cc-frontend\scripts\job-worker.js:480:3)
2025-07-18T11:08:14: [ERROR] Job 61eafd79-2fc9-41ba-a6f9-3ff0a9705936 failed: Error: spawn C:\Program Files\Python311\python.exe ENOENT
    at processJob (C:\Users\tmbor\Countypuller\chatbot\cc-frontend\scripts\job-worker.js:427:15)
    at process.processTicksAndRejections (node:internal/process/task_queues:105:5)
    at async pollForJobs (C:\Users\tmbor\Countypuller\chatbot\cc-frontend\scripts\job-worker.js:467:9)
    at async main (C:\Users\tmbor\Countypuller\chatbot\cc-frontend\scripts\job-worker.js:480:3)
2025-07-18T11:13:44: [ERROR] Job 9821136c-cdb5-4efd-bec8-bacf9ad72cc6 failed: Error: spawn C:\Program Files\Python311\python.exe ENOENT
    at processJob (C:\Users\tmbor\Countypuller\chatbot\cc-frontend\scripts\job-worker.js:427:15)
    at process.processTicksAndRejections (node:internal/process/task_queues:105:5)
    at async Timeout.pollForJobs [as _onTimeout] (C:\Users\tmbor\Countypuller\chatbot\cc-frontend\scripts\job-worker.js:467:9)
2025-07-18T15:39:36: [ERROR] Error polling for jobs: PrismaClientKnownRequestError: 
Invalid `prisma.scraping_job.findMany()` invocation:


Can't reach database server at `ep-tiny-wind-a57p53sh-pooler.us-east-2.aws.neon.tech:5432`

Please make sure your database server is running at `ep-tiny-wind-a57p53sh-pooler.us-east-2.aws.neon.tech:5432`.
    at Zn.handleRequestError (C:\Users\tmbor\Countypuller\chatbot\cc-frontend\node_modules\@prisma\client\runtime\library.js:121:7459)
    at Zn.handleAndLogRequestError (C:\Users\tmbor\Countypuller\chatbot\cc-frontend\node_modules\@prisma\client\runtime\library.js:121:6784)
    at Zn.request (C:\Users\tmbor\Countypuller\chatbot\cc-frontend\node_modules\@prisma\client\runtime\library.js:121:6491)
    at async l (C:\Users\tmbor\Countypuller\chatbot\cc-frontend\node_modules\@prisma\client\runtime\library.js:130:9778)
    at async Timeout.pollForJobs [as _onTimeout] (C:\Users\tmbor\Countypuller\chatbot\cc-frontend\scripts\job-worker.js:469:25) {
  code: 'P1001',
  meta: {
    modelName: 'scraping_job',
    database_host: 'ep-tiny-wind-a57p53sh-pooler.us-east-2.aws.neon.tech',
    database_port: 5432
  },
  clientVersion: '6.10.1'
}
