==================================================
CountyPuller Job Worker Startup
==================================================
Node.js version: v22.12.0
Working directory: C:\Users\tmbor\Countypuller\chatbot\cc-frontend
Environment: production
==================================================
[INFO] Environment variables loaded successfully
[INFO] Starting job worker...
[INFO] No pending jobs found
[INFO] No pending jobs found
[INFO] No pending jobs found
[INFO] No pending jobs found
[INFO] No pending jobs found
[INFO] Processing job 7fcbf843-b453-451a-96b2-1e5fa56dbc45 of type AGENT_SCRAPE
[DEBUG] Agent Scrape Job userId: 5bb8cbe8-2c72-42f0-9a77-4b4de7f9ea3c
[DEBUG] Agent Scrape Job object: {
  "id": "7fcbf843-b453-451a-96b2-1e5fa56dbc45",
  "job_type": "AGENT_SCRAPE",
  "status": "PENDING",
  "created_at": "2025-07-15T02:02:54.214Z",
  "completed_at": null,
  "parameters": {
    "county": "harris",
    "filters": {
      "dateTo": "2025-07-15",
      "dateFrom": "2025-06-15",
      "pageSize": 50,
      "documentType": "LisPendens"
    }
  },
  "result": null,
  "error_message": null,
  "records_processed": null,
  "userId": "5bb8cbe8-2c72-42f0-9a77-4b4de7f9ea3c"
}
[DEBUG] Agent Scrape Arguments being passed: [
  '--county',
  'harris',
  '--user-id',
  '5bb8cbe8-2c72-42f0-9a77-4b4de7f9ea3c',
  '--date-from',
  '2025-06-15',
  '--date-to',
  '2025-07-15',
  '--document-type',
  'LisPendens',
  '--page-size',
  '50'
]
[DEBUG] Found PYTHON_EXECUTABLE: C:Program
[DEBUG] Using Python executable: C:Program
[DEBUG] Running: C:Program C:\Users\tmbor\Countypuller\chatbot\Chatbot\re-agent\agent_cli.py --county harris --user-id 5bb8cbe8-2c72-42f0-9a77-4b4de7f9ea3c --date-from 2025-06-15 --date-to 2025-07-15 --document-type LisPendens --page-size 50 in C:\Users\tmbor\Countypuller\chatbot\Chatbot\re-agent
[DEBUG] DATABASE_URL available: YES
[DEBUG] Environment variables:
[DEBUG]   PYTHON_EXECUTABLE: C:Program
[DEBUG]   PYTHON_PATH: NOT SET
[DEBUG]   PATH: SET (length: 3734)
[DEBUG] Working directory: C:\Users\tmbor\Countypuller\chatbot\Chatbot\re-agent
[DEBUG] Script exists: true
[DEBUG] Python executable is relative/command: C:Program
[ERROR] Python process error: spawn C:Program ENOENT
[ERROR] Job 7fcbf843-b453-451a-96b2-1e5fa56dbc45 failed: Error: spawn C:Program ENOENT
    at processJob (C:\Users\tmbor\Countypuller\chatbot\cc-frontend\scripts\job-worker.js:422:15)
    at process.processTicksAndRejections (node:internal/process/task_queues:105:5)
    at async Timeout.pollForJobs [as _onTimeout] (C:\Users\tmbor\Countypuller\chatbot\cc-frontend\scripts\job-worker.js:462:9)
[DEBUG] Python process closed with code: -4058
[INFO] No pending jobs found
[INFO] No pending jobs found
[INFO] No pending jobs found
[INFO] No pending jobs found
[INFO] Processing job 8717534b-ff38-45f5-a311-88b32ee766b1 of type AGENT_SCRAPE
[DEBUG] Agent Scrape Job userId: 5bb8cbe8-2c72-42f0-9a77-4b4de7f9ea3c
[DEBUG] Agent Scrape Job object: {
  "id": "8717534b-ff38-45f5-a311-88b32ee766b1",
  "job_type": "AGENT_SCRAPE",
  "status": "PENDING",
  "created_at": "2025-07-15T02:05:37.161Z",
  "completed_at": null,
  "parameters": {
    "county": "harris",
    "filters": {
      "dateTo": "2025-07-15",
      "dateFrom": "2025-07-08",
      "pageSize": 50,
      "documentType": "LisPendens"
    }
  },
  "result": null,
  "error_message": null,
  "records_processed": null,
  "userId": "5bb8cbe8-2c72-42f0-9a77-4b4de7f9ea3c"
}
[DEBUG] Agent Scrape Arguments being passed: [
  '--county',
  'harris',
  '--user-id',
  '5bb8cbe8-2c72-42f0-9a77-4b4de7f9ea3c',
  '--date-from',
  '2025-07-08',
  '--date-to',
  '2025-07-15',
  '--document-type',
  'LisPendens',
  '--page-size',
  '50'
]
[DEBUG] Found PYTHON_EXECUTABLE: C:Program
[DEBUG] Using Python executable: C:Program
[DEBUG] Running: C:Program C:\Users\tmbor\Countypuller\chatbot\Chatbot\re-agent\agent_cli.py --county harris --user-id 5bb8cbe8-2c72-42f0-9a77-4b4de7f9ea3c --date-from 2025-07-08 --date-to 2025-07-15 --document-type LisPendens --page-size 50 in C:\Users\tmbor\Countypuller\chatbot\Chatbot\re-agent
[DEBUG] DATABASE_URL available: YES
[DEBUG] Environment variables:
[DEBUG]   PYTHON_EXECUTABLE: C:Program
[DEBUG]   PYTHON_PATH: NOT SET
[DEBUG]   PATH: SET (length: 3734)
[DEBUG] Working directory: C:\Users\tmbor\Countypuller\chatbot\Chatbot\re-agent
[DEBUG] Script exists: true
[DEBUG] Python executable is relative/command: C:Program
[ERROR] Python process error: spawn C:Program ENOENT
[ERROR] Job 8717534b-ff38-45f5-a311-88b32ee766b1 failed: Error: spawn C:Program ENOENT
    at processJob (C:\Users\tmbor\Countypuller\chatbot\cc-frontend\scripts\job-worker.js:422:15)
    at process.processTicksAndRejections (node:internal/process/task_queues:105:5)
    at async Timeout.pollForJobs [as _onTimeout] (C:\Users\tmbor\Countypuller\chatbot\cc-frontend\scripts\job-worker.js:462:9)
[DEBUG] Python process closed with code: -4058
[INFO] No pending jobs found
[INFO] No pending jobs found
[INFO] No pending jobs found
[INFO] No pending jobs found
[INFO] No pending jobs found
[INFO] No pending jobs found
[INFO] No pending jobs found
[INFO] No pending jobs found
[INFO] No pending jobs found
[INFO] No pending jobs found
[INFO] No pending jobs found
[INFO] No pending jobs found
[INFO] No pending jobs found
[INFO] No pending jobs found
[INFO] No pending jobs found
[INFO] No pending jobs found
[INFO] No pending jobs found
[INFO] No pending jobs found
[INFO] No pending jobs found
[INFO] No pending jobs found
[INFO] No pending jobs found
[INFO] No pending jobs found
[INFO] No pending jobs found
[INFO] No pending jobs found
[INFO] No pending jobs found
[INFO] No pending jobs found
[INFO] No pending jobs found
[INFO] No pending jobs found
[INFO] No pending jobs found
[INFO] No pending jobs found
[INFO] No pending jobs found
[INFO] No pending jobs found
[INFO] No pending jobs found
[INFO] No pending jobs found
[INFO] No pending jobs found
[INFO] No pending jobs found
[INFO] No pending jobs found
[INFO] No pending jobs found
[INFO] No pending jobs found
[INFO] No pending jobs found
[INFO] No pending jobs found
[INFO] No pending jobs found
[INFO] No pending jobs found
[INFO] No pending jobs found
[INFO] No pending jobs found
[INFO] No pending jobs found
[INFO] No pending jobs found
[INFO] No pending jobs found
[INFO] No pending jobs found
[INFO] No pending jobs found
[INFO] No pending jobs found
[INFO] No pending jobs found
[INFO] No pending jobs found
[INFO] No pending jobs found
[INFO] No pending jobs found
[INFO] No pending jobs found
[INFO] No pending jobs found
[INFO] No pending jobs found
[INFO] No pending jobs found
[INFO] No pending jobs found
[INFO] No pending jobs found
[INFO] No pending jobs found
[INFO] No pending jobs found
[INFO] No pending jobs found
[INFO] No pending jobs found
[INFO] No pending jobs found
[INFO] No pending jobs found
[INFO] No pending jobs found
[INFO] No pending jobs found
[INFO] No pending jobs found
[INFO] No pending jobs found
[INFO] No pending jobs found
[INFO] No pending jobs found
[INFO] No pending jobs found
[INFO] No pending jobs found
[INFO] No pending jobs found
[INFO] No pending jobs found
[INFO] No pending jobs found
